<?xml version="1.0" encoding="UTF-8"?>
<testsuite xmlns:xsi="http://www.w3.org/2001/XMLSchema-instance" xsi:noNamespaceSchemaLocation="https://maven.apache.org/surefire/maven-surefire-plugin/xsd/surefire-test-report-3.0.xsd" version="3.0" name="examples.ExamplesTest" time="8.656" tests="2" errors="0" skipped="0" failures="0">
  <properties>
    <property name="java.specification.version" value="21"/>
    <property name="sun.cpu.isalist" value="amd64"/>
    <property name="sun.jnu.encoding" value="Cp1252"/>
    <property name="java.class.path" value="D:\Documents\Repositories\silver-barnacle\courses\udemy-karate-dsl-api-automation-and-performance\karate-test-project-maven\target\test-classes;D:\Documents\Repositories\silver-barnacle\courses\udemy-karate-dsl-api-automation-and-performance\karate-test-project-maven\target\classes;C:\Users\mattf\.m2\repository\io\karatelabs\karate-junit5\1.5.1\karate-junit5-1.5.1.jar;C:\Users\mattf\.m2\repository\io\karatelabs\karate-core\1.5.1\karate-core-1.5.1.jar;C:\Users\mattf\.m2\repository\org\graalvm\js\js-scriptengine\24.0.0\js-scriptengine-24.0.0.jar;C:\Users\mattf\.m2\repository\org\graalvm\polyglot\polyglot\24.0.0\polyglot-24.0.0.jar;C:\Users\mattf\.m2\repository\org\graalvm\sdk\collections\24.0.0\collections-24.0.0.jar;C:\Users\mattf\.m2\repository\org\graalvm\sdk\nativeimage\24.0.0\nativeimage-24.0.0.jar;C:\Users\mattf\.m2\repository\org\graalvm\sdk\word\24.0.0\word-24.0.0.jar;C:\Users\mattf\.m2\repository\org\graalvm\js\js-language\24.0.0\js-language-24.0.0.jar;C:\Users\mattf\.m2\repository\org\graalvm\regex\regex\24.0.0\regex-24.0.0.jar;C:\Users\mattf\.m2\repository\org\graalvm\truffle\truffle-api\24.0.0\truffle-api-24.0.0.jar;C:\Users\mattf\.m2\repository\org\graalvm\shadowed\icu4j\24.0.0\icu4j-24.0.0.jar;C:\Users\mattf\.m2\repository\org\thymeleaf\thymeleaf\3.1.2.RELEASE\thymeleaf-3.1.2.RELEASE.jar;C:\Users\mattf\.m2\repository\ognl\ognl\3.3.4\ognl-3.3.4.jar;C:\Users\mattf\.m2\repository\org\javassist\javassist\3.29.0-GA\javassist-3.29.0-GA.jar;C:\Users\mattf\.m2\repository\org\attoparser\attoparser\2.0.7.RELEASE\attoparser-2.0.7.RELEASE.jar;C:\Users\mattf\.m2\repository\org\unbescape\unbescape\1.1.6.RELEASE\unbescape-1.1.6.RELEASE.jar;C:\Users\mattf\.m2\repository\com\linecorp\armeria\armeria\1.31.3\armeria-1.31.3.jar;C:\Users\mattf\.m2\repository\com\fasterxml\jackson\core\jackson-core\2.18.1\jackson-core-2.18.1.jar;C:\Users\mattf\.m2\repository\com\fasterxml\jackson\core\jackson-annotations\2.18.1\jackson-annotations-2.18.1.jar;C:\Users\mattf\.m2\repository\com\fasterxml\jackson\core\jackson-databind\2.18.1\jackson-databind-2.18.1.jar;C:\Users\mattf\.m2\repository\com\fasterxml\jackson\datatype\jackson-datatype-jdk8\2.18.1\jackson-datatype-jdk8-2.18.1.jar;C:\Users\mattf\.m2\repository\com\fasterxml\jackson\datatype\jackson-datatype-jsr310\2.18.1\jackson-datatype-jsr310-2.18.1.jar;C:\Users\mattf\.m2\repository\io\micrometer\micrometer-core\1.13.6\micrometer-core-1.13.6.jar;C:\Users\mattf\.m2\repository\io\micrometer\micrometer-commons\1.13.6\micrometer-commons-1.13.6.jar;C:\Users\mattf\.m2\repository\io\micrometer\micrometer-observation\1.13.6\micrometer-observation-1.13.6.jar;C:\Users\mattf\.m2\repository\org\hdrhistogram\HdrHistogram\2.2.2\HdrHistogram-2.2.2.jar;C:\Users\mattf\.m2\repository\org\latencyutils\LatencyUtils\2.0.3\LatencyUtils-2.0.3.jar;C:\Users\mattf\.m2\repository\io\netty\netty-transport\4.1.115.Final\netty-transport-4.1.115.Final.jar;C:\Users\mattf\.m2\repository\io\netty\netty-common\4.1.115.Final\netty-common-4.1.115.Final.jar;C:\Users\mattf\.m2\repository\io\netty\netty-buffer\4.1.115.Final\netty-buffer-4.1.115.Final.jar;C:\Users\mattf\.m2\repository\io\netty\netty-resolver\4.1.115.Final\netty-resolver-4.1.115.Final.jar;C:\Users\mattf\.m2\repository\io\netty\netty-codec-haproxy\4.1.115.Final\netty-codec-haproxy-4.1.115.Final.jar;C:\Users\mattf\.m2\repository\io\netty\netty-codec\4.1.115.Final\netty-codec-4.1.115.Final.jar;C:\Users\mattf\.m2\repository\io\netty\netty-codec-http2\4.1.115.Final\netty-codec-http2-4.1.115.Final.jar;C:\Users\mattf\.m2\repository\io\netty\netty-handler\4.1.115.Final\netty-handler-4.1.115.Final.jar;C:\Users\mattf\.m2\repository\io\netty\netty-codec-http\4.1.115.Final\netty-codec-http-4.1.115.Final.jar;C:\Users\mattf\.m2\repository\io\netty\netty-resolver-dns\4.1.115.Final\netty-resolver-dns-4.1.115.Final.jar;C:\Users\mattf\.m2\repository\io\netty\netty-codec-dns\4.1.115.Final\netty-codec-dns-4.1.115.Final.jar;C:\Users\mattf\.m2\repository\io\netty\netty-transport-native-unix-common\4.1.115.Final\netty-transport-native-unix-common-4.1.115.Final-linux-x86_64.jar;C:\Users\mattf\.m2\repository\io\netty\netty-transport-native-unix-common\4.1.115.Final\netty-transport-native-unix-common-4.1.115.Final-linux-aarch_64.jar;C:\Users\mattf\.m2\repository\io\netty\netty-transport-native-unix-common\4.1.115.Final\netty-transport-native-unix-common-4.1.115.Final-osx-x86_64.jar;C:\Users\mattf\.m2\repository\io\netty\netty-transport-native-unix-common\4.1.115.Final\netty-transport-native-unix-common-4.1.115.Final-osx-aarch_64.jar;C:\Users\mattf\.m2\repository\org\reactivestreams\reactive-streams\1.0.4\reactive-streams-1.0.4.jar;C:\Users\mattf\.m2\repository\com\google\code\findbugs\jsr305\3.0.2\jsr305-3.0.2.jar;C:\Users\mattf\.m2\repository\io\netty\netty-handler-proxy\4.1.115.Final\netty-handler-proxy-4.1.115.Final.jar;C:\Users\mattf\.m2\repository\io\netty\netty-codec-socks\4.1.115.Final\netty-codec-socks-4.1.115.Final.jar;C:\Users\mattf\.m2\repository\io\netty\netty-transport-native-epoll\4.1.115.Final\netty-transport-native-epoll-4.1.115.Final-linux-x86_64.jar;C:\Users\mattf\.m2\repository\io\netty\netty-transport-native-unix-common\4.1.115.Final\netty-transport-native-unix-common-4.1.115.Final.jar;C:\Users\mattf\.m2\repository\io\netty\netty-transport-classes-epoll\4.1.115.Final\netty-transport-classes-epoll-4.1.115.Final.jar;C:\Users\mattf\.m2\repository\io\netty\netty-transport-native-epoll\4.1.115.Final\netty-transport-native-epoll-4.1.115.Final-linux-aarch_64.jar;C:\Users\mattf\.m2\repository\io\netty\netty-transport-native-kqueue\4.1.115.Final\netty-transport-native-kqueue-4.1.115.Final-osx-x86_64.jar;C:\Users\mattf\.m2\repository\io\netty\netty-transport-classes-kqueue\4.1.115.Final\netty-transport-classes-kqueue-4.1.115.Final.jar;C:\Users\mattf\.m2\repository\io\netty\netty-resolver-dns-native-macos\4.1.115.Final\netty-resolver-dns-native-macos-4.1.115.Final-osx-x86_64.jar;C:\Users\mattf\.m2\repository\io\netty\netty-resolver-dns-classes-macos\4.1.115.Final\netty-resolver-dns-classes-macos-4.1.115.Final.jar;C:\Users\mattf\.m2\repository\io\netty\netty-transport-native-kqueue\4.1.115.Final\netty-transport-native-kqueue-4.1.115.Final-osx-aarch_64.jar;C:\Users\mattf\.m2\repository\io\netty\netty-resolver-dns-native-macos\4.1.115.Final\netty-resolver-dns-native-macos-4.1.115.Final-osx-aarch_64.jar;C:\Users\mattf\.m2\repository\io\netty\netty-tcnative-boringssl-static\2.0.69.Final\netty-tcnative-boringssl-static-2.0.69.Final-linux-x86_64.jar;C:\Users\mattf\.m2\repository\io\netty\netty-tcnative-classes\2.0.69.Final\netty-tcnative-classes-2.0.69.Final.jar;C:\Users\mattf\.m2\repository\io\netty\netty-tcnative-boringssl-static\2.0.69.Final\netty-tcnative-boringssl-static-2.0.69.Final-linux-aarch_64.jar;C:\Users\mattf\.m2\repository\io\netty\netty-tcnative-boringssl-static\2.0.69.Final\netty-tcnative-boringssl-static-2.0.69.Final-osx-x86_64.jar;C:\Users\mattf\.m2\repository\io\netty\netty-tcnative-boringssl-static\2.0.69.Final\netty-tcnative-boringssl-static-2.0.69.Final-osx-aarch_64.jar;C:\Users\mattf\.m2\repository\io\netty\netty-tcnative-boringssl-static\2.0.69.Final\netty-tcnative-boringssl-static-2.0.69.Final-windows-x86_64.jar;C:\Users\mattf\.m2\repository\com\aayushatharva\brotli4j\brotli4j\1.17.0\brotli4j-1.17.0.jar;C:\Users\mattf\.m2\repository\com\aayushatharva\brotli4j\service\1.17.0\service-1.17.0.jar;C:\Users\mattf\.m2\repository\com\aayushatharva\brotli4j\native-windows-x86_64\1.17.0\native-windows-x86_64-1.17.0.jar;C:\Users\mattf\.m2\repository\org\apache\httpcomponents\httpclient\4.5.14\httpclient-4.5.14.jar;C:\Users\mattf\.m2\repository\org\apache\httpcomponents\httpcore\4.4.16\httpcore-4.4.16.jar;C:\Users\mattf\.m2\repository\commons-codec\commons-codec\1.16.1\commons-codec-1.16.1.jar;C:\Users\mattf\.m2\repository\ch\qos\logback\logback-classic\1.5.4\logback-classic-1.5.4.jar;C:\Users\mattf\.m2\repository\ch\qos\logback\logback-core\1.5.4\logback-core-1.5.4.jar;C:\Users\mattf\.m2\repository\org\slf4j\jcl-over-slf4j\2.0.12\jcl-over-slf4j-2.0.12.jar;C:\Users\mattf\.m2\repository\org\slf4j\slf4j-api\2.0.12\slf4j-api-2.0.12.jar;C:\Users\mattf\.m2\repository\org\antlr\antlr4-runtime\4.13.1\antlr4-runtime-4.13.1.jar;C:\Users\mattf\.m2\repository\com\jayway\jsonpath\json-path\2.9.0\json-path-2.9.0.jar;C:\Users\mattf\.m2\repository\net\minidev\json-smart\2.5.1\json-smart-2.5.1.jar;C:\Users\mattf\.m2\repository\net\minidev\accessors-smart\2.5.1\accessors-smart-2.5.1.jar;C:\Users\mattf\.m2\repository\org\ow2\asm\asm\9.6\asm-9.6.jar;C:\Users\mattf\.m2\repository\org\yaml\snakeyaml\2.3\snakeyaml-2.3.jar;C:\Users\mattf\.m2\repository\de\siegmar\fastcsv\3.4.0\fastcsv-3.4.0.jar;C:\Users\mattf\.m2\repository\info\picocli\picocli\4.7.6\picocli-4.7.6.jar;C:\Users\mattf\.m2\repository\io\github\classgraph\classgraph\4.8.179\classgraph-4.8.179.jar;C:\Users\mattf\.m2\repository\io\github\t12y\resemble\1.1.0\resemble-1.1.0.jar;C:\Users\mattf\.m2\repository\io\github\t12y\ssim\1.0.0\ssim-1.0.0.jar;C:\Users\mattf\.m2\repository\org\junit\jupiter\junit-jupiter-api\5.10.2\junit-jupiter-api-5.10.2.jar;C:\Users\mattf\.m2\repository\org\opentest4j\opentest4j\1.3.0\opentest4j-1.3.0.jar;C:\Users\mattf\.m2\repository\org\junit\platform\junit-platform-commons\1.10.2\junit-platform-commons-1.10.2.jar;C:\Users\mattf\.m2\repository\org\apiguardian\apiguardian-api\1.1.2\apiguardian-api-1.1.2.jar;C:\Users\mattf\.m2\repository\org\junit\jupiter\junit-jupiter-engine\5.10.2\junit-jupiter-engine-5.10.2.jar;C:\Users\mattf\.m2\repository\org\junit\platform\junit-platform-engine\1.10.2\junit-platform-engine-1.10.2.jar;"/>
    <property name="java.vm.vendor" value="Oracle Corporation"/>
    <property name="sun.arch.data.model" value="64"/>
    <property name="user.variant" value=""/>
    <property name="java.vendor.url" value="https://java.oracle.com/"/>
    <property name="user.timezone" value="Europe/Dublin"/>
    <property name="os.name" value="Windows 11"/>
    <property name="java.vm.specification.version" value="21"/>
    <property name="sun.java.launcher" value="SUN_STANDARD"/>
    <property name="user.country" value="IE"/>
    <property name="sun.boot.library.path" value="C:\Program Files\Java\jdk-21\bin"/>
    <property name="sun.java.command" value="C:\Users\mattf\AppData\Local\Temp\surefire989068905000915283\surefirebooter-20250918163650655_3.jar C:\Users\mattf\AppData\Local\Temp\surefire989068905000915283 2025-09-18T16-36-50_266-jvmRun1 surefire-20250918163650655_1tmp surefire_0-20250918163650655_2tmp"/>
    <property name="jdk.debug" value="release"/>
    <property name="surefire.test.class.path" value="D:\Documents\Repositories\silver-barnacle\courses\udemy-karate-dsl-api-automation-and-performance\karate-test-project-maven\target\test-classes;D:\Documents\Repositories\silver-barnacle\courses\udemy-karate-dsl-api-automation-and-performance\karate-test-project-maven\target\classes;C:\Users\mattf\.m2\repository\io\karatelabs\karate-junit5\1.5.1\karate-junit5-1.5.1.jar;C:\Users\mattf\.m2\repository\io\karatelabs\karate-core\1.5.1\karate-core-1.5.1.jar;C:\Users\mattf\.m2\repository\org\graalvm\js\js-scriptengine\24.0.0\js-scriptengine-24.0.0.jar;C:\Users\mattf\.m2\repository\org\graalvm\polyglot\polyglot\24.0.0\polyglot-24.0.0.jar;C:\Users\mattf\.m2\repository\org\graalvm\sdk\collections\24.0.0\collections-24.0.0.jar;C:\Users\mattf\.m2\repository\org\graalvm\sdk\nativeimage\24.0.0\nativeimage-24.0.0.jar;C:\Users\mattf\.m2\repository\org\graalvm\sdk\word\24.0.0\word-24.0.0.jar;C:\Users\mattf\.m2\repository\org\graalvm\js\js-language\24.0.0\js-language-24.0.0.jar;C:\Users\mattf\.m2\repository\org\graalvm\regex\regex\24.0.0\regex-24.0.0.jar;C:\Users\mattf\.m2\repository\org\graalvm\truffle\truffle-api\24.0.0\truffle-api-24.0.0.jar;C:\Users\mattf\.m2\repository\org\graalvm\shadowed\icu4j\24.0.0\icu4j-24.0.0.jar;C:\Users\mattf\.m2\repository\org\thymeleaf\thymeleaf\3.1.2.RELEASE\thymeleaf-3.1.2.RELEASE.jar;C:\Users\mattf\.m2\repository\ognl\ognl\3.3.4\ognl-3.3.4.jar;C:\Users\mattf\.m2\repository\org\javassist\javassist\3.29.0-GA\javassist-3.29.0-GA.jar;C:\Users\mattf\.m2\repository\org\attoparser\attoparser\2.0.7.RELEASE\attoparser-2.0.7.RELEASE.jar;C:\Users\mattf\.m2\repository\org\unbescape\unbescape\1.1.6.RELEASE\unbescape-1.1.6.RELEASE.jar;C:\Users\mattf\.m2\repository\com\linecorp\armeria\armeria\1.31.3\armeria-1.31.3.jar;C:\Users\mattf\.m2\repository\com\fasterxml\jackson\core\jackson-core\2.18.1\jackson-core-2.18.1.jar;C:\Users\mattf\.m2\repository\com\fasterxml\jackson\core\jackson-annotations\2.18.1\jackson-annotations-2.18.1.jar;C:\Users\mattf\.m2\repository\com\fasterxml\jackson\core\jackson-databind\2.18.1\jackson-databind-2.18.1.jar;C:\Users\mattf\.m2\repository\com\fasterxml\jackson\datatype\jackson-datatype-jdk8\2.18.1\jackson-datatype-jdk8-2.18.1.jar;C:\Users\mattf\.m2\repository\com\fasterxml\jackson\datatype\jackson-datatype-jsr310\2.18.1\jackson-datatype-jsr310-2.18.1.jar;C:\Users\mattf\.m2\repository\io\micrometer\micrometer-core\1.13.6\micrometer-core-1.13.6.jar;C:\Users\mattf\.m2\repository\io\micrometer\micrometer-commons\1.13.6\micrometer-commons-1.13.6.jar;C:\Users\mattf\.m2\repository\io\micrometer\micrometer-observation\1.13.6\micrometer-observation-1.13.6.jar;C:\Users\mattf\.m2\repository\org\hdrhistogram\HdrHistogram\2.2.2\HdrHistogram-2.2.2.jar;C:\Users\mattf\.m2\repository\org\latencyutils\LatencyUtils\2.0.3\LatencyUtils-2.0.3.jar;C:\Users\mattf\.m2\repository\io\netty\netty-transport\4.1.115.Final\netty-transport-4.1.115.Final.jar;C:\Users\mattf\.m2\repository\io\netty\netty-common\4.1.115.Final\netty-common-4.1.115.Final.jar;C:\Users\mattf\.m2\repository\io\netty\netty-buffer\4.1.115.Final\netty-buffer-4.1.115.Final.jar;C:\Users\mattf\.m2\repository\io\netty\netty-resolver\4.1.115.Final\netty-resolver-4.1.115.Final.jar;C:\Users\mattf\.m2\repository\io\netty\netty-codec-haproxy\4.1.115.Final\netty-codec-haproxy-4.1.115.Final.jar;C:\Users\mattf\.m2\repository\io\netty\netty-codec\4.1.115.Final\netty-codec-4.1.115.Final.jar;C:\Users\mattf\.m2\repository\io\netty\netty-codec-http2\4.1.115.Final\netty-codec-http2-4.1.115.Final.jar;C:\Users\mattf\.m2\repository\io\netty\netty-handler\4.1.115.Final\netty-handler-4.1.115.Final.jar;C:\Users\mattf\.m2\repository\io\netty\netty-codec-http\4.1.115.Final\netty-codec-http-4.1.115.Final.jar;C:\Users\mattf\.m2\repository\io\netty\netty-resolver-dns\4.1.115.Final\netty-resolver-dns-4.1.115.Final.jar;C:\Users\mattf\.m2\repository\io\netty\netty-codec-dns\4.1.115.Final\netty-codec-dns-4.1.115.Final.jar;C:\Users\mattf\.m2\repository\io\netty\netty-transport-native-unix-common\4.1.115.Final\netty-transport-native-unix-common-4.1.115.Final-linux-x86_64.jar;C:\Users\mattf\.m2\repository\io\netty\netty-transport-native-unix-common\4.1.115.Final\netty-transport-native-unix-common-4.1.115.Final-linux-aarch_64.jar;C:\Users\mattf\.m2\repository\io\netty\netty-transport-native-unix-common\4.1.115.Final\netty-transport-native-unix-common-4.1.115.Final-osx-x86_64.jar;C:\Users\mattf\.m2\repository\io\netty\netty-transport-native-unix-common\4.1.115.Final\netty-transport-native-unix-common-4.1.115.Final-osx-aarch_64.jar;C:\Users\mattf\.m2\repository\org\reactivestreams\reactive-streams\1.0.4\reactive-streams-1.0.4.jar;C:\Users\mattf\.m2\repository\com\google\code\findbugs\jsr305\3.0.2\jsr305-3.0.2.jar;C:\Users\mattf\.m2\repository\io\netty\netty-handler-proxy\4.1.115.Final\netty-handler-proxy-4.1.115.Final.jar;C:\Users\mattf\.m2\repository\io\netty\netty-codec-socks\4.1.115.Final\netty-codec-socks-4.1.115.Final.jar;C:\Users\mattf\.m2\repository\io\netty\netty-transport-native-epoll\4.1.115.Final\netty-transport-native-epoll-4.1.115.Final-linux-x86_64.jar;C:\Users\mattf\.m2\repository\io\netty\netty-transport-native-unix-common\4.1.115.Final\netty-transport-native-unix-common-4.1.115.Final.jar;C:\Users\mattf\.m2\repository\io\netty\netty-transport-classes-epoll\4.1.115.Final\netty-transport-classes-epoll-4.1.115.Final.jar;C:\Users\mattf\.m2\repository\io\netty\netty-transport-native-epoll\4.1.115.Final\netty-transport-native-epoll-4.1.115.Final-linux-aarch_64.jar;C:\Users\mattf\.m2\repository\io\netty\netty-transport-native-kqueue\4.1.115.Final\netty-transport-native-kqueue-4.1.115.Final-osx-x86_64.jar;C:\Users\mattf\.m2\repository\io\netty\netty-transport-classes-kqueue\4.1.115.Final\netty-transport-classes-kqueue-4.1.115.Final.jar;C:\Users\mattf\.m2\repository\io\netty\netty-resolver-dns-native-macos\4.1.115.Final\netty-resolver-dns-native-macos-4.1.115.Final-osx-x86_64.jar;C:\Users\mattf\.m2\repository\io\netty\netty-resolver-dns-classes-macos\4.1.115.Final\netty-resolver-dns-classes-macos-4.1.115.Final.jar;C:\Users\mattf\.m2\repository\io\netty\netty-transport-native-kqueue\4.1.115.Final\netty-transport-native-kqueue-4.1.115.Final-osx-aarch_64.jar;C:\Users\mattf\.m2\repository\io\netty\netty-resolver-dns-native-macos\4.1.115.Final\netty-resolver-dns-native-macos-4.1.115.Final-osx-aarch_64.jar;C:\Users\mattf\.m2\repository\io\netty\netty-tcnative-boringssl-static\2.0.69.Final\netty-tcnative-boringssl-static-2.0.69.Final-linux-x86_64.jar;C:\Users\mattf\.m2\repository\io\netty\netty-tcnative-classes\2.0.69.Final\netty-tcnative-classes-2.0.69.Final.jar;C:\Users\mattf\.m2\repository\io\netty\netty-tcnative-boringssl-static\2.0.69.Final\netty-tcnative-boringssl-static-2.0.69.Final-linux-aarch_64.jar;C:\Users\mattf\.m2\repository\io\netty\netty-tcnative-boringssl-static\2.0.69.Final\netty-tcnative-boringssl-static-2.0.69.Final-osx-x86_64.jar;C:\Users\mattf\.m2\repository\io\netty\netty-tcnative-boringssl-static\2.0.69.Final\netty-tcnative-boringssl-static-2.0.69.Final-osx-aarch_64.jar;C:\Users\mattf\.m2\repository\io\netty\netty-tcnative-boringssl-static\2.0.69.Final\netty-tcnative-boringssl-static-2.0.69.Final-windows-x86_64.jar;C:\Users\mattf\.m2\repository\com\aayushatharva\brotli4j\brotli4j\1.17.0\brotli4j-1.17.0.jar;C:\Users\mattf\.m2\repository\com\aayushatharva\brotli4j\service\1.17.0\service-1.17.0.jar;C:\Users\mattf\.m2\repository\com\aayushatharva\brotli4j\native-windows-x86_64\1.17.0\native-windows-x86_64-1.17.0.jar;C:\Users\mattf\.m2\repository\org\apache\httpcomponents\httpclient\4.5.14\httpclient-4.5.14.jar;C:\Users\mattf\.m2\repository\org\apache\httpcomponents\httpcore\4.4.16\httpcore-4.4.16.jar;C:\Users\mattf\.m2\repository\commons-codec\commons-codec\1.16.1\commons-codec-1.16.1.jar;C:\Users\mattf\.m2\repository\ch\qos\logback\logback-classic\1.5.4\logback-classic-1.5.4.jar;C:\Users\mattf\.m2\repository\ch\qos\logback\logback-core\1.5.4\logback-core-1.5.4.jar;C:\Users\mattf\.m2\repository\org\slf4j\jcl-over-slf4j\2.0.12\jcl-over-slf4j-2.0.12.jar;C:\Users\mattf\.m2\repository\org\slf4j\slf4j-api\2.0.12\slf4j-api-2.0.12.jar;C:\Users\mattf\.m2\repository\org\antlr\antlr4-runtime\4.13.1\antlr4-runtime-4.13.1.jar;C:\Users\mattf\.m2\repository\com\jayway\jsonpath\json-path\2.9.0\json-path-2.9.0.jar;C:\Users\mattf\.m2\repository\net\minidev\json-smart\2.5.1\json-smart-2.5.1.jar;C:\Users\mattf\.m2\repository\net\minidev\accessors-smart\2.5.1\accessors-smart-2.5.1.jar;C:\Users\mattf\.m2\repository\org\ow2\asm\asm\9.6\asm-9.6.jar;C:\Users\mattf\.m2\repository\org\yaml\snakeyaml\2.3\snakeyaml-2.3.jar;C:\Users\mattf\.m2\repository\de\siegmar\fastcsv\3.4.0\fastcsv-3.4.0.jar;C:\Users\mattf\.m2\repository\info\picocli\picocli\4.7.6\picocli-4.7.6.jar;C:\Users\mattf\.m2\repository\io\github\classgraph\classgraph\4.8.179\classgraph-4.8.179.jar;C:\Users\mattf\.m2\repository\io\github\t12y\resemble\1.1.0\resemble-1.1.0.jar;C:\Users\mattf\.m2\repository\io\github\t12y\ssim\1.0.0\ssim-1.0.0.jar;C:\Users\mattf\.m2\repository\org\junit\jupiter\junit-jupiter-api\5.10.2\junit-jupiter-api-5.10.2.jar;C:\Users\mattf\.m2\repository\org\opentest4j\opentest4j\1.3.0\opentest4j-1.3.0.jar;C:\Users\mattf\.m2\repository\org\junit\platform\junit-platform-commons\1.10.2\junit-platform-commons-1.10.2.jar;C:\Users\mattf\.m2\repository\org\apiguardian\apiguardian-api\1.1.2\apiguardian-api-1.1.2.jar;C:\Users\mattf\.m2\repository\org\junit\jupiter\junit-jupiter-engine\5.10.2\junit-jupiter-engine-5.10.2.jar;C:\Users\mattf\.m2\repository\org\junit\platform\junit-platform-engine\1.10.2\junit-platform-engine-1.10.2.jar;"/>
    <property name="sun.cpu.endian" value="little"/>
    <property name="user.home" value="C:\Users\mattf"/>
    <property name="user.language" value="en"/>
    <property name="java.specification.vendor" value="Oracle Corporation"/>
    <property name="java.version.date" value="2025-01-21"/>
    <property name="java.home" value="C:\Program Files\Java\jdk-21"/>
    <property name="file.separator" value="\"/>
    <property name="basedir" value="D:\Documents\Repositories\silver-barnacle\courses\udemy-karate-dsl-api-automation-and-performance\karate-test-project-maven"/>
    <property name="java.vm.compressedOopsMode" value="32-bit"/>
    <property name="line.separator" value="&#10;"/>
    <property name="java.vm.specification.vendor" value="Oracle Corporation"/>
    <property name="java.specification.name" value="Java Platform API Specification"/>
    <property name="surefire.real.class.path" value="C:\Users\mattf\AppData\Local\Temp\surefire989068905000915283\surefirebooter-20250918163650655_3.jar"/>
    <property name="user.script" value=""/>
    <property name="sun.management.compiler" value="HotSpot 64-Bit Tiered Compilers"/>
    <property name="java.runtime.version" value="21.0.6+8-LTS-188"/>
    <property name="user.name" value="mattf"/>
    <property name="stdout.encoding" value="Cp1252"/>
    <property name="path.separator" value=";"/>
    <property name="os.version" value="10.0"/>
    <property name="java.runtime.name" value="Java(TM) SE Runtime Environment"/>
    <property name="file.encoding" value="UTF-8"/>
    <property name="java.vm.name" value="Java HotSpot(TM) 64-Bit Server VM"/>
    <property name="localRepository" value="C:\Users\mattf\.m2\repository"/>
    <property name="java.vendor.url.bug" value="https://bugreport.java.com/bugreport/"/>
    <property name="java.io.tmpdir" value="C:\Users\mattf\AppData\Local\Temp\"/>
    <property name="java.version" value="21.0.6"/>
    <property name="user.dir" value="D:\Documents\Repositories\silver-barnacle\courses\udemy-karate-dsl-api-automation-and-performance\karate-test-project-maven"/>
    <property name="os.arch" value="amd64"/>
    <property name="java.vm.specification.name" value="Java Virtual Machine Specification"/>
    <property name="sun.os.patch.level" value=""/>
    <property name="native.encoding" value="Cp1252"/>
    <property name="java.library.path" value="C:\Program Files\Java\jdk-21\bin;C:\WINDOWS\Sun\Java\bin;C:\WINDOWS\system32;C:\WINDOWS;C:\Users\mattf\bin;C:\Program Files\Git\mingw64\bin;C:\Program Files\Git\usr\local\bin;C:\Program Files\Git\usr\bin;C:\Program Files\Git\usr\bin;C:\Program Files\Git\mingw64\bin;C:\Program Files\Git\usr\bin;C:\Users\mattf\bin;C:\Program Files\Common Files\Oracle\Java\javapath;C:\Program Files (x86)\Common Files\Oracle\Java\java8path;C:\Program Files (x86)\Common Files\Oracle\Java\javapath;C:\Python38\Scripts;C:\Python38;C:\WINDOWS\system32;C:\WINDOWS;C:\WINDOWS\System32\Wbem;C:\WINDOWS\System32\WindowsPowerShell\v1.0;C:\WINDOWS\System32\OpenSSH;C:\ProgramData\chocolatey\bin;C:\Users\mattf\AppData\Local\atom\bin;C:\Users\mattf\AppData\Local\Android\Sdk\platform-tools;C:\Program Files\nodejs;C:\Program Files\Java\jdk-21\bin;C:\Program Files\Git\cmd;C:\Program Files\Git\usr\bin;C:\Program Files\dotnet;D:\Programs\wget;D:\Programs\Gradle\gradle-9.0.0\bin;C:\Users\mattf\AppData\Local\Programs\Python\Python313\Scripts;C:\Users\mattf\AppData\Local\Programs\Python\Python313;C:\Users\mattf\AppData\Local\Microsoft\WindowsApps;C:\Users\mattf\AppData\Local\Programs\Microsoft VS Code\bin;D:\Programs\IntelliJ IDEA Community Edition 2024.2.3\bin;C:\Users\mattf\AppData\Local\Microsoft\WinGet\Packages\Schniz.fnm_Microsoft.Winget.Source_8wekyb3;D:\Programs\Maven\apache-maven-3.9.11\bin;C:\Users\mattf\AppData\Local\Programs\Python\Python313\Scripts;C:\Users\mattf\AppData\Local\Programs\Python\Python313;C:\Users\mattf\AppData\Local\Microsoft\WindowsApps;C:\Users\mattf\AppData\Local\Programs\Microsoft VS Code\bin;D:\Programs\IntelliJ IDEA Community Edition 2024.2.3\bin;C:\Users\mattf\AppData\Local\Microsoft\WinGet\Packages\Schniz.fnm_Microsoft.Winget.Source_8wekyb3d8bbwe;C:\Users\mattf\AppData\Roaming\npm;C:\Users\mattf\AppData\Local\Microsoft\WindowsApps;D:\Apps\Fiddler;C:\Users\mattf\.dotnet\tools;C:\Program Files\Git\usr\bin\vendor_perl;C:\Program Files\Git\usr\bin\core_perl;."/>
    <property name="java.vm.info" value="mixed mode, sharing"/>
    <property name="stderr.encoding" value="Cp1252"/>
    <property name="java.vendor" value="Oracle Corporation"/>
    <property name="java.vm.version" value="21.0.6+8-LTS-188"/>
    <property name="sun.io.unicode.encoding" value="UnicodeLittle"/>
    <property name="java.class.version" value="65.0"/>
  </properties>
  <testcase name="[1:7] get all users and then get the first user by id" classname="examples/users/users" time="3.838">
    <system-out><![CDATA[16:36:54.838 [main] DEBUG com.intuit.karate.Suite - [config] classpath:karate-config.js
16:36:57.285 [main] INFO  com.intuit.karate - karate.env system property was: null 
16:36:57.886 [main] DEBUG com.intuit.karate - request:
1 > GET https://jsonplaceholder.typicode.com/users
1 > Host: jsonplaceholder.typicode.com
1 > Connection: Keep-Alive
1 > User-Agent: Apache-HttpClient/4.5.14 (Java/21.0.6)
1 > Accept-Encoding: gzip,deflate


16:36:58.489 [main] DEBUG com.intuit.karate - response time in milliseconds: 574
1 < 200
1 < Date: Thu, 18 Sep 2025 15:36:58 GMT
1 < Content-Type: application/json; charset=utf-8
1 < Connection: keep-alive
1 < access-control-allow-credentials: true
1 < Cache-Control: max-age=43200
1 < etag: W/"160d-1eMSsxeJRfnVLRBmYJSbCiJZ1qQ"
1 < expires: -1
1 < nel: {"report_to":"heroku-nel","response_headers":["Via"],"max_age":3600,"success_fraction":0.01,"failure_fraction":0.1}
1 < pragma: no-cache
1 < report-to: {"group":"heroku-nel","endpoints":[{"url":"https://nel.heroku.com/reports?s=WRRPwTSXt5fyI5cwwFLKjF%2BJWqdRv1y5H7kQ6HAr%2BQ8%3D\u0026sid=e11707d5-02a7-43ef-b45e-2cf4d2036f7d\u0026ts=1753181821"}],"max_age":3600}
1 < reporting-endpoints: heroku-nel="https://nel.heroku.com/reports?s=WRRPwTSXt5fyI5cwwFLKjF%2BJWqdRv1y5H7kQ6HAr%2BQ8%3D&sid=e11707d5-02a7-43ef-b45e-2cf4d2036f7d&ts=1753181821"
1 < Server: cloudflare
1 < vary: Origin, Accept-Encoding
1 < via: 2.0 heroku-router
1 < x-content-type-options: nosniff
1 < x-powered-by: Express
1 < x-ratelimit-limit: 1000
1 < x-ratelimit-remaining: 999
1 < x-ratelimit-reset: 1753181855
1 < Age: 5498
1 < cf-cache-status: HIT
1 < Server-Timing: cfCacheStatus;desc="HIT"
1 < Server-Timing: cfEdge;dur=5,cfOrigin;dur=0
1 < CF-RAY: 9811ec04ff84940c-LHR
1 < alt-svc: h3=":443"; ma=86400
[
  {
    "id": 1,
    "name": "Leanne Graham",
    "username": "Bret",
    "email": "Sincere@april.biz",
    "address": {
      "street": "Kulas Light",
      "suite": "Apt. 556",
      "city": "Gwenborough",
      "zipcode": "92998-3874",
      "geo": {
        "lat": "-37.3159",
        "lng": "81.1496"
      }
    },
    "phone": "1-770-736-8031 x56442",
    "website": "hildegard.org",
    "company": {
      "name": "Romaguera-Crona",
      "catchPhrase": "Multi-layered client-server neural-net",
      "bs": "harness real-time e-markets"
    }
  },
  {
    "id": 2,
    "name": "Ervin Howell",
    "username": "Antonette",
    "email": "Shanna@melissa.tv",
    "address": {
      "street": "Victor Plains",
      "suite": "Suite 879",
      "city": "Wisokyburgh",
      "zipcode": "90566-7771",
      "geo": {
        "lat": "-43.9509",
        "lng": "-34.4618"
      }
    },
    "phone": "010-692-6593 x09125",
    "website": "anastasia.net",
    "company": {
      "name": "Deckow-Crist",
      "catchPhrase": "Proactive didactic contingency",
      "bs": "synergize scalable supply-chains"
    }
  },
  {
    "id": 3,
    "name": "Clementine Bauch",
    "username": "Samantha",
    "email": "Nathan@yesenia.net",
    "address": {
      "street": "Douglas Extension",
      "suite": "Suite 847",
      "city": "McKenziehaven",
      "zipcode": "59590-4157",
      "geo": {
        "lat": "-68.6102",
        "lng": "-47.0653"
      }
    },
    "phone": "1-463-123-4447",
    "website": "ramiro.info",
    "company": {
      "name": "Romaguera-Jacobson",
      "catchPhrase": "Face to face bifurcated interface",
      "bs": "e-enable strategic applications"
    }
  },
  {
    "id": 4,
    "name": "Patricia Lebsack",
    "username": "Karianne",
    "email": "Julianne.OConner@kory.org",
    "address": {
      "street": "Hoeger Mall",
      "suite": "Apt. 692",
      "city": "South Elvis",
      "zipcode": "53919-4257",
      "geo": {
        "lat": "29.4572",
        "lng": "-164.2990"
      }
    },
    "phone": "493-170-9623 x156",
    "website": "kale.biz",
    "company": {
      "name": "Robel-Corkery",
      "catchPhrase": "Multi-tiered zero tolerance productivity",
      "bs": "transition cutting-edge web services"
    }
  },
  {
    "id": 5,
    "name": "Chelsey Dietrich",
    "username": "Kamren",
    "email": "Lucio_Hettinger@annie.ca",
    "address": {
      "street": "Skiles Walks",
      "suite": "Suite 351",
      "city": "Roscoeview",
      "zipcode": "33263",
      "geo": {
        "lat": "-31.8129",
        "lng": "62.5342"
      }
    },
    "phone": "(254)954-1289",
    "website": "demarco.info",
    "company": {
      "name": "Keebler LLC",
      "catchPhrase": "User-centric fault-tolerant solution",
      "bs": "revolutionize end-to-end systems"
    }
  },
  {
    "id": 6,
    "name": "Mrs. Dennis Schulist",
    "username": "Leopoldo_Corkery",
    "email": "Karley_Dach@jasper.info",
    "address": {
      "street": "Norberto Crossing",
      "suite": "Apt. 950",
      "city": "South Christy",
      "zipcode": "23505-1337",
      "geo": {
        "lat": "-71.4197",
        "lng": "71.7478"
      }
    },
    "phone": "1-477-935-8478 x6430",
    "website": "ola.org",
    "company": {
      "name": "Considine-Lockman",
      "catchPhrase": "Synchronised bottom-line interface",
      "bs": "e-enable innovative applications"
    }
  },
  {
    "id": 7,
    "name": "Kurtis Weissnat",
    "username": "Elwyn.Skiles",
    "email": "Telly.Hoeger@billy.biz",
    "address": {
      "street": "Rex Trail",
      "suite": "Suite 280",
      "city": "Howemouth",
      "zipcode": "58804-1099",
      "geo": {
        "lat": "24.8918",
        "lng": "21.8984"
      }
    },
    "phone": "210.067.6132",
    "website": "elvis.io",
    "company": {
      "name": "Johns Group",
      "catchPhrase": "Configurable multimedia task-force",
      "bs": "generate enterprise e-tailers"
    }
  },
  {
    "id": 8,
    "name": "Nicholas Runolfsdottir V",
    "username": "Maxime_Nienow",
    "email": "Sherwood@rosamond.me",
    "address": {
      "street": "Ellsworth Summit",
      "suite": "Suite 729",
      "city": "Aliyaview",
      "zipcode": "45169",
      "geo": {
        "lat": "-14.3990",
        "lng": "-120.7677"
      }
    },
    "phone": "586.493.6943 x140",
    "website": "jacynthe.com",
    "company": {
      "name": "Abernathy Group",
      "catchPhrase": "Implemented secondary concept",
      "bs": "e-enable extensible e-tailers"
    }
  },
  {
    "id": 9,
    "name": "Glenna Reichert",
    "username": "Delphine",
    "email": "Chaim_McDermott@dana.io",
    "address": {
      "street": "Dayna Park",
      "suite": "Suite 449",
      "city": "Bartholomebury",
      "zipcode": "76495-3109",
      "geo": {
        "lat": "24.6463",
        "lng": "-168.8889"
      }
    },
    "phone": "(775)976-6794 x41206",
    "website": "conrad.com",
    "company": {
      "name": "Yost and Sons",
      "catchPhrase": "Switchable contextually-based project",
      "bs": "aggregate real-time technologies"
    }
  },
  {
    "id": 10,
    "name": "Clementina DuBuque",
    "username": "Moriah.Stanton",
    "email": "Rey.Padberg@karina.biz",
    "address": {
      "street": "Kattie Turnpike",
      "suite": "Suite 198",
      "city": "Lebsackbury",
      "zipcode": "31428-2261",
      "geo": {
        "lat": "-38.2386",
        "lng": "57.2232"
      }
    },
    "phone": "024-648-3804",
    "website": "ambrose.net",
    "company": {
      "name": "Hoeger LLC",
      "catchPhrase": "Centralized empowering task-force",
      "bs": "target end-to-end models"
    }
  }
]

16:36:58.640 [main] DEBUG com.intuit.karate - request:
2 > GET https://jsonplaceholder.typicode.com/users/1
2 > Host: jsonplaceholder.typicode.com
2 > Connection: Keep-Alive
2 > User-Agent: Apache-HttpClient/4.5.14 (Java/21.0.6)
2 > Accept-Encoding: gzip,deflate


16:36:58.728 [main] DEBUG com.intuit.karate - response time in milliseconds: 85
2 < 200
2 < Date: Thu, 18 Sep 2025 15:36:58 GMT
2 < Content-Type: application/json; charset=utf-8
2 < Transfer-Encoding: chunked
2 < Connection: keep-alive
2 < access-control-allow-credentials: true
2 < Cache-Control: max-age=43200
2 < etag: W/"1fd-+2Y3G3w049iSZtw5t1mzSnunngE"
2 < expires: -1
2 < nel: {"report_to":"heroku-nel","response_headers":["Via"],"max_age":3600,"success_fraction":0.01,"failure_fraction":0.1}
2 < pragma: no-cache
2 < report-to: {"group":"heroku-nel","endpoints":[{"url":"https://nel.heroku.com/reports?s=gJhuFCyCdPqVSonFtzrt2OT1WRkEUIyLCkS1XXm2fMc%3D\u0026sid=e11707d5-02a7-43ef-b45e-2cf4d2036f7d\u0026ts=1752029834"}],"max_age":3600}
2 < reporting-endpoints: heroku-nel="https://nel.heroku.com/reports?s=gJhuFCyCdPqVSonFtzrt2OT1WRkEUIyLCkS1XXm2fMc%3D&sid=e11707d5-02a7-43ef-b45e-2cf4d2036f7d&ts=1752029834"
2 < Server: cloudflare
2 < vary: Origin, Accept-Encoding
2 < via: 2.0 heroku-router
2 < x-content-type-options: nosniff
2 < x-powered-by: Express
2 < x-ratelimit-limit: 1000
2 < x-ratelimit-remaining: 999
2 < x-ratelimit-reset: 1752029855
2 < Age: 23338
2 < cf-cache-status: HIT
2 < Server-Timing: cfCacheStatus;desc="HIT"
2 < Server-Timing: cfEdge;dur=7,cfOrigin;dur=0
2 < CF-RAY: 9811ec06b8684141-LHR
2 < alt-svc: h3=":443"; ma=86400
{
  "id": 1,
  "name": "Leanne Graham",
  "username": "Bret",
  "email": "Sincere@april.biz",
  "address": {
    "street": "Kulas Light",
    "suite": "Apt. 556",
    "city": "Gwenborough",
    "zipcode": "92998-3874",
    "geo": {
      "lat": "-37.3159",
      "lng": "81.1496"
    }
  },
  "phone": "1-770-736-8031 x56442",
  "website": "hildegard.org",
  "company": {
    "name": "Romaguera-Crona",
    "catchPhrase": "Multi-layered client-server neural-net",
    "bs": "harness real-time e-markets"
  }
}

]]></system-out>
  </testcase>
  <testcase name="[2:18] create a user and then get it by id" classname="examples/users/users" time="2.072">
    <system-out><![CDATA[16:36:58.765 [main] INFO  com.intuit.karate - karate.env system property was: null 
16:36:58.941 [main] DEBUG com.intuit.karate - request:
1 > POST https://jsonplaceholder.typicode.com/users
1 > Content-Type: application/json; charset=UTF-8
1 > Content-Length: 160
1 > Host: jsonplaceholder.typicode.com
1 > Connection: Keep-Alive
1 > User-Agent: Apache-HttpClient/4.5.14 (Java/21.0.6)
1 > Accept-Encoding: gzip,deflate
{"name":"Test User","username":"testuser","email":"test@user.com","address":{"street":"Has No Name","suite":"Apt. 123","city":"Electri","zipcode":"54321-6789"}}

16:36:59.103 [main] DEBUG com.intuit.karate - response time in milliseconds: 160
1 < 201
1 < Date: Thu, 18 Sep 2025 15:36:59 GMT
1 < Content-Type: application/json; charset=utf-8
1 < Content-Length: 216
1 < Connection: keep-alive
1 < access-control-allow-credentials: true
1 < access-control-expose-headers: Location
1 < Cache-Control: no-cache
1 < etag: W/"d8-pYV7+YuMGP2hxHPU9ARrf97ifDA"
1 < expires: -1
1 < location: https://jsonplaceholder.typicode.com/users/11
1 < nel: {"report_to":"heroku-nel","response_headers":["Via"],"max_age":3600,"success_fraction":0.01,"failure_fraction":0.1}
1 < pragma: no-cache
1 < report-to: {"group":"heroku-nel","endpoints":[{"url":"https://nel.heroku.com/reports?s=iL7iDqtzG3cqS2byxOTySEmnulB5kqGjiLet9iSeeB0%3D\u0026sid=e11707d5-02a7-43ef-b45e-2cf4d2036f7d\u0026ts=1758209819"}],"max_age":3600}
1 < reporting-endpoints: heroku-nel="https://nel.heroku.com/reports?s=iL7iDqtzG3cqS2byxOTySEmnulB5kqGjiLet9iSeeB0%3D&sid=e11707d5-02a7-43ef-b45e-2cf4d2036f7d&ts=1758209819"
1 < Server: cloudflare
1 < vary: Origin, X-HTTP-Method-Override, Accept-Encoding
1 < via: 2.0 heroku-router
1 < x-content-type-options: nosniff
1 < x-powered-by: Express
1 < x-ratelimit-limit: 1000
1 < x-ratelimit-remaining: 999
1 < x-ratelimit-reset: 1758209834
1 < cf-cache-status: DYNAMIC
1 < Server-Timing: cfCacheStatus;desc="DYNAMIC"
1 < Server-Timing: cfEdge;dur=6,cfOrigin;dur=79
1 < CF-RAY: 9811ec0898c77723-LHR
1 < alt-svc: h3=":443"; ma=86400
{
  "name": "Test User",
  "username": "testuser",
  "email": "test@user.com",
  "address": {
    "street": "Has No Name",
    "suite": "Apt. 123",
    "city": "Electri",
    "zipcode": "54321-6789"
  },
  "id": 11
}

16:36:59.112 [main] INFO  com.intuit.karate - [print] created id is:  11 
---------------------------------------------------------
feature: classpath:examples/users/users.feature
scenarios:  2 | passed:  2 | failed:  0 | time: 1.7115
---------------------------------------------------------

Karate version: 1.5.1
======================================================
elapsed:   6.59 | threads:    1 | thread time: 1.71 
features:     1 | skipped:    0 | efficiency: 0.26
scenarios:    2 | passed:     2 | failed: 0
======================================================

HTML report: (paste into browser to view) | Karate version: 1.5.1
file:///D:/Documents/Repositories/silver-barnacle/courses/udemy-karate-dsl-api-automation-and-performance/karate-test-project-maven/target/karate-reports/karate-summary.html
===================================================================

]]></system-out>
  </testcase>
</testsuite>